2024-11-08T10:11:35.186+07:00  INFO 79856 --- [PhoneGO] [restartedMain] iuh.fit.se.PhoneGoApplication            : Starting PhoneGoApplication using Java 22.0.2 with PID 79856 (D:\Workspace\WWW_Java\PhoneGO\target\classes started by thaik in D:\Workspace\WWW_Java\PhoneGO)
2024-11-08T10:11:35.198+07:00  INFO 79856 --- [PhoneGO] [restartedMain] iuh.fit.se.PhoneGoApplication            : No active profile set, falling back to 1 default profile: "default"
2024-11-08T10:11:35.246+07:00  INFO 79856 --- [PhoneGO] [restartedMain] .e.DevToolsPropertyDefaultsPostProcessor : Devtools property defaults active! Set 'spring.devtools.add-properties' to 'false' to disable
2024-11-08T10:11:35.247+07:00  INFO 79856 --- [PhoneGO] [restartedMain] .e.DevToolsPropertyDefaultsPostProcessor : For additional web related logging consider setting the 'logging.level.web' property to 'DEBUG'
2024-11-08T10:11:36.549+07:00  INFO 79856 --- [PhoneGO] [restartedMain] .s.d.r.c.RepositoryConfigurationDelegate : Bootstrapping Spring Data JPA repositories in DEFAULT mode.
2024-11-08T10:11:36.605+07:00  INFO 79856 --- [PhoneGO] [restartedMain] .s.d.r.c.RepositoryConfigurationDelegate : Finished Spring Data repository scanning in 48 ms. Found 2 JPA repository interfaces.
2024-11-08T10:11:37.428+07:00  INFO 79856 --- [PhoneGO] [restartedMain] o.s.b.w.embedded.tomcat.TomcatWebServer  : Tomcat initialized with port 5000 (http)
2024-11-08T10:11:37.444+07:00  INFO 79856 --- [PhoneGO] [restartedMain] o.apache.catalina.core.StandardService   : Starting service [Tomcat]
2024-11-08T10:11:37.444+07:00  INFO 79856 --- [PhoneGO] [restartedMain] o.apache.catalina.core.StandardEngine    : Starting Servlet engine: [Apache Tomcat/10.1.30]
2024-11-08T10:11:37.504+07:00  INFO 79856 --- [PhoneGO] [restartedMain] o.a.c.c.C.[Tomcat].[localhost].[/]       : Initializing Spring embedded WebApplicationContext
2024-11-08T10:11:37.505+07:00  INFO 79856 --- [PhoneGO] [restartedMain] w.s.c.ServletWebServerApplicationContext : Root WebApplicationContext: initialization completed in 2026 ms
2024-11-08T10:11:37.695+07:00 DEBUG 79856 --- [PhoneGO] [restartedMain] o.s.w.f.ServerHttpObservationFilter      : Filter 'webMvcObservationFilter' configured for use
2024-11-08T10:11:38.168+07:00  INFO 79856 --- [PhoneGO] [restartedMain] o.s.o.j.p.SpringPersistenceUnitInfo      : No LoadTimeWeaver setup: ignoring JPA class transformer
2024-11-08T10:11:38.201+07:00  INFO 79856 --- [PhoneGO] [restartedMain] com.zaxxer.hikari.HikariDataSource       : HikariPool-1 - Starting...
2024-11-08T10:11:38.297+07:00  INFO 79856 --- [PhoneGO] [restartedMain] com.zaxxer.hikari.pool.HikariPool        : HikariPool-1 - Added connection org.mariadb.jdbc.Connection@97570d5
2024-11-08T10:11:38.299+07:00  INFO 79856 --- [PhoneGO] [restartedMain] com.zaxxer.hikari.HikariDataSource       : HikariPool-1 - Start completed.
2024-11-08T10:11:50.121+07:00  INFO 79856 --- [PhoneGO] [restartedMain] j.LocalContainerEntityManagerFactoryBean : Initialized JPA EntityManagerFactory for persistence unit 'default'
2024-11-08T10:11:50.435+07:00  INFO 79856 --- [PhoneGO] [restartedMain] o.s.d.j.r.query.QueryEnhancerFactory     : Hibernate is in classpath; If applicable, HQL parser will be used.
2024-11-08T10:11:51.186+07:00  WARN 79856 --- [PhoneGO] [restartedMain] ConfigServletWebServerApplicationContext : Exception encountered during context initialization - cancelling refresh attempt: org.springframework.beans.factory.UnsatisfiedDependencyException: Error creating bean with name 'phoneGoApplication': Unsatisfied dependency expressed through field 'dbInsertion': Error creating bean with name 'DBInsertion': Unsatisfied dependency expressed through field 'productService': Error creating bean with name 'productServiceImpl': Unsatisfied dependency expressed through field 'modelMapper': Error creating bean with name 'phoneGoApplication': Requested bean is currently in creation: Is there an unresolvable circular reference?
2024-11-08T10:11:51.186+07:00  INFO 79856 --- [PhoneGO] [restartedMain] j.LocalContainerEntityManagerFactoryBean : Closing JPA EntityManagerFactory for persistence unit 'default'
2024-11-08T10:11:53.564+07:00  INFO 79856 --- [PhoneGO] [restartedMain] com.zaxxer.hikari.HikariDataSource       : HikariPool-1 - Shutdown initiated...
2024-11-08T10:11:53.567+07:00  INFO 79856 --- [PhoneGO] [restartedMain] com.zaxxer.hikari.HikariDataSource       : HikariPool-1 - Shutdown completed.
2024-11-08T10:11:53.570+07:00  INFO 79856 --- [PhoneGO] [restartedMain] o.apache.catalina.core.StandardService   : Stopping service [Tomcat]
2024-11-08T10:11:53.586+07:00  INFO 79856 --- [PhoneGO] [restartedMain] .s.b.a.l.ConditionEvaluationReportLogger : 

Error starting ApplicationContext. To display the condition evaluation report re-run your application with 'debug' enabled.
2024-11-08T10:11:53.614+07:00 ERROR 79856 --- [PhoneGO] [restartedMain] o.s.b.d.LoggingFailureAnalysisReporter   : 

***************************
APPLICATION FAILED TO START
***************************

Description:

The dependencies of some of the beans in the application context form a cycle:

┌─────┐
|  phoneGoApplication (field private iuh.fit.se.utils.DBInsertion iuh.fit.se.PhoneGoApplication.dbInsertion)
↑     ↓
|  DBInsertion (field private iuh.fit.se.models.services.ProductService iuh.fit.se.utils.DBInsertion.productService)
↑     ↓
|  productServiceImpl (field org.modelmapper.ModelMapper iuh.fit.se.services.impl.ProductServiceImpl.modelMapper)
└─────┘


Action:

Relying upon circular references is discouraged and they are prohibited by default. Update your application to remove the dependency cycle between beans. As a last resort, it may be possible to break the cycle automatically by setting spring.main.allow-circular-references to true.

2024-11-08T10:19:11.433+07:00  INFO 80712 --- [PhoneGO] [restartedMain] iuh.fit.se.PhoneGoApplication            : Starting PhoneGoApplication using Java 22.0.2 with PID 80712 (D:\Workspace\WWW_Java\PhoneGO\target\classes started by thaik in D:\Workspace\WWW_Java\PhoneGO)
2024-11-08T10:19:11.434+07:00  INFO 80712 --- [PhoneGO] [restartedMain] iuh.fit.se.PhoneGoApplication            : No active profile set, falling back to 1 default profile: "default"
2024-11-08T10:19:11.474+07:00  INFO 80712 --- [PhoneGO] [restartedMain] .e.DevToolsPropertyDefaultsPostProcessor : Devtools property defaults active! Set 'spring.devtools.add-properties' to 'false' to disable
2024-11-08T10:19:11.474+07:00  INFO 80712 --- [PhoneGO] [restartedMain] .e.DevToolsPropertyDefaultsPostProcessor : For additional web related logging consider setting the 'logging.level.web' property to 'DEBUG'
2024-11-08T10:19:12.626+07:00  INFO 80712 --- [PhoneGO] [restartedMain] .s.d.r.c.RepositoryConfigurationDelegate : Bootstrapping Spring Data JPA repositories in DEFAULT mode.
2024-11-08T10:19:12.704+07:00  INFO 80712 --- [PhoneGO] [restartedMain] .s.d.r.c.RepositoryConfigurationDelegate : Finished Spring Data repository scanning in 70 ms. Found 2 JPA repository interfaces.
2024-11-08T10:19:13.561+07:00  INFO 80712 --- [PhoneGO] [restartedMain] o.s.b.w.embedded.tomcat.TomcatWebServer  : Tomcat initialized with port 5000 (http)
2024-11-08T10:19:13.578+07:00  INFO 80712 --- [PhoneGO] [restartedMain] o.apache.catalina.core.StandardService   : Starting service [Tomcat]
2024-11-08T10:19:13.578+07:00  INFO 80712 --- [PhoneGO] [restartedMain] o.apache.catalina.core.StandardEngine    : Starting Servlet engine: [Apache Tomcat/10.1.30]
2024-11-08T10:19:13.650+07:00  INFO 80712 --- [PhoneGO] [restartedMain] o.a.c.c.C.[Tomcat].[localhost].[/]       : Initializing Spring embedded WebApplicationContext
2024-11-08T10:19:13.650+07:00  INFO 80712 --- [PhoneGO] [restartedMain] w.s.c.ServletWebServerApplicationContext : Root WebApplicationContext: initialization completed in 2175 ms
2024-11-08T10:19:13.846+07:00 DEBUG 80712 --- [PhoneGO] [restartedMain] o.s.w.f.ServerHttpObservationFilter      : Filter 'webMvcObservationFilter' configured for use
2024-11-08T10:19:14.351+07:00  INFO 80712 --- [PhoneGO] [restartedMain] o.s.o.j.p.SpringPersistenceUnitInfo      : No LoadTimeWeaver setup: ignoring JPA class transformer
2024-11-08T10:19:14.382+07:00  INFO 80712 --- [PhoneGO] [restartedMain] com.zaxxer.hikari.HikariDataSource       : HikariPool-1 - Starting...
2024-11-08T10:19:14.478+07:00  INFO 80712 --- [PhoneGO] [restartedMain] com.zaxxer.hikari.pool.HikariPool        : HikariPool-1 - Added connection org.mariadb.jdbc.Connection@465758ac
2024-11-08T10:19:14.480+07:00  INFO 80712 --- [PhoneGO] [restartedMain] com.zaxxer.hikari.HikariDataSource       : HikariPool-1 - Start completed.
2024-11-08T10:19:22.699+07:00  INFO 80712 --- [PhoneGO] [restartedMain] j.LocalContainerEntityManagerFactoryBean : Initialized JPA EntityManagerFactory for persistence unit 'default'
2024-11-08T10:19:22.990+07:00  INFO 80712 --- [PhoneGO] [restartedMain] o.s.d.j.r.query.QueryEnhancerFactory     : Hibernate is in classpath; If applicable, HQL parser will be used.
2024-11-08T10:19:23.716+07:00  WARN 80712 --- [PhoneGO] [restartedMain] ConfigServletWebServerApplicationContext : Exception encountered during context initialization - cancelling refresh attempt: org.springframework.beans.factory.UnsatisfiedDependencyException: Error creating bean with name 'phoneGoApplication': Unsatisfied dependency expressed through constructor parameter 0: Error creating bean with name 'DBInsertion' defined in file [D:\Workspace\WWW_Java\PhoneGO\target\classes\iuh\fit\se\utils\DBInsertion.class]: Unsatisfied dependency expressed through constructor parameter 0: Error creating bean with name 'productServiceImpl': Unsatisfied dependency expressed through field 'modelMapper': Error creating bean with name 'phoneGoApplication': Requested bean is currently in creation: Is there an unresolvable circular reference?
2024-11-08T10:19:23.717+07:00  INFO 80712 --- [PhoneGO] [restartedMain] j.LocalContainerEntityManagerFactoryBean : Closing JPA EntityManagerFactory for persistence unit 'default'
2024-11-08T10:19:26.255+07:00  INFO 80712 --- [PhoneGO] [restartedMain] com.zaxxer.hikari.HikariDataSource       : HikariPool-1 - Shutdown initiated...
2024-11-08T10:19:26.258+07:00  INFO 80712 --- [PhoneGO] [restartedMain] com.zaxxer.hikari.HikariDataSource       : HikariPool-1 - Shutdown completed.
2024-11-08T10:19:26.261+07:00  INFO 80712 --- [PhoneGO] [restartedMain] o.apache.catalina.core.StandardService   : Stopping service [Tomcat]
2024-11-08T10:19:26.276+07:00  INFO 80712 --- [PhoneGO] [restartedMain] .s.b.a.l.ConditionEvaluationReportLogger : 

Error starting ApplicationContext. To display the condition evaluation report re-run your application with 'debug' enabled.
2024-11-08T10:19:26.297+07:00 ERROR 80712 --- [PhoneGO] [restartedMain] o.s.b.d.LoggingFailureAnalysisReporter   : 

***************************
APPLICATION FAILED TO START
***************************

Description:

The dependencies of some of the beans in the application context form a cycle:

┌─────┐
|  phoneGoApplication
↑     ↓
|  DBInsertion defined in file [D:\Workspace\WWW_Java\PhoneGO\target\classes\iuh\fit\se\utils\DBInsertion.class]
↑     ↓
|  productServiceImpl (field org.modelmapper.ModelMapper iuh.fit.se.services.impl.ProductServiceImpl.modelMapper)
└─────┘


Action:

Relying upon circular references is discouraged and they are prohibited by default. Update your application to remove the dependency cycle between beans. As a last resort, it may be possible to break the cycle automatically by setting spring.main.allow-circular-references to true.

2024-11-08T10:23:24.277+07:00  INFO 36680 --- [PhoneGO] [restartedMain] iuh.fit.se.PhoneGoApplication            : Starting PhoneGoApplication using Java 22.0.2 with PID 36680 (D:\Workspace\WWW_Java\PhoneGO\target\classes started by thaik in D:\Workspace\WWW_Java\PhoneGO)
2024-11-08T10:23:24.278+07:00  INFO 36680 --- [PhoneGO] [restartedMain] iuh.fit.se.PhoneGoApplication            : No active profile set, falling back to 1 default profile: "default"
2024-11-08T10:23:24.322+07:00  INFO 36680 --- [PhoneGO] [restartedMain] .e.DevToolsPropertyDefaultsPostProcessor : Devtools property defaults active! Set 'spring.devtools.add-properties' to 'false' to disable
2024-11-08T10:23:24.322+07:00  INFO 36680 --- [PhoneGO] [restartedMain] .e.DevToolsPropertyDefaultsPostProcessor : For additional web related logging consider setting the 'logging.level.web' property to 'DEBUG'
2024-11-08T10:23:25.405+07:00  INFO 36680 --- [PhoneGO] [restartedMain] .s.d.r.c.RepositoryConfigurationDelegate : Bootstrapping Spring Data JPA repositories in DEFAULT mode.
2024-11-08T10:23:25.459+07:00  INFO 36680 --- [PhoneGO] [restartedMain] .s.d.r.c.RepositoryConfigurationDelegate : Finished Spring Data repository scanning in 46 ms. Found 2 JPA repository interfaces.
2024-11-08T10:23:26.214+07:00  INFO 36680 --- [PhoneGO] [restartedMain] o.s.b.w.embedded.tomcat.TomcatWebServer  : Tomcat initialized with port 5000 (http)
2024-11-08T10:23:26.227+07:00  INFO 36680 --- [PhoneGO] [restartedMain] o.apache.catalina.core.StandardService   : Starting service [Tomcat]
2024-11-08T10:23:26.227+07:00  INFO 36680 --- [PhoneGO] [restartedMain] o.apache.catalina.core.StandardEngine    : Starting Servlet engine: [Apache Tomcat/10.1.30]
2024-11-08T10:23:26.287+07:00  INFO 36680 --- [PhoneGO] [restartedMain] o.a.c.c.C.[Tomcat].[localhost].[/]       : Initializing Spring embedded WebApplicationContext
2024-11-08T10:23:26.287+07:00  INFO 36680 --- [PhoneGO] [restartedMain] w.s.c.ServletWebServerApplicationContext : Root WebApplicationContext: initialization completed in 1965 ms
2024-11-08T10:23:26.501+07:00 DEBUG 36680 --- [PhoneGO] [restartedMain] o.s.w.f.ServerHttpObservationFilter      : Filter 'webMvcObservationFilter' configured for use
2024-11-08T10:23:26.986+07:00  INFO 36680 --- [PhoneGO] [restartedMain] o.s.o.j.p.SpringPersistenceUnitInfo      : No LoadTimeWeaver setup: ignoring JPA class transformer
2024-11-08T10:23:27.014+07:00  INFO 36680 --- [PhoneGO] [restartedMain] com.zaxxer.hikari.HikariDataSource       : HikariPool-1 - Starting...
2024-11-08T10:23:27.107+07:00  INFO 36680 --- [PhoneGO] [restartedMain] com.zaxxer.hikari.pool.HikariPool        : HikariPool-1 - Added connection org.mariadb.jdbc.Connection@7e538b46
2024-11-08T10:23:27.109+07:00  INFO 36680 --- [PhoneGO] [restartedMain] com.zaxxer.hikari.HikariDataSource       : HikariPool-1 - Start completed.
2024-11-08T10:23:34.759+07:00  INFO 36680 --- [PhoneGO] [restartedMain] j.LocalContainerEntityManagerFactoryBean : Initialized JPA EntityManagerFactory for persistence unit 'default'
2024-11-08T10:23:35.045+07:00  INFO 36680 --- [PhoneGO] [restartedMain] o.s.d.j.r.query.QueryEnhancerFactory     : Hibernate is in classpath; If applicable, HQL parser will be used.
2024-11-08T10:23:35.764+07:00  WARN 36680 --- [PhoneGO] [restartedMain] ConfigServletWebServerApplicationContext : Exception encountered during context initialization - cancelling refresh attempt: org.springframework.beans.factory.UnsatisfiedDependencyException: Error creating bean with name 'phoneGoApplication': Unsatisfied dependency expressed through constructor parameter 0: Error creating bean with name 'DBInsertion' defined in file [D:\Workspace\WWW_Java\PhoneGO\target\classes\iuh\fit\se\utils\DBInsertion.class]: Unsatisfied dependency expressed through constructor parameter 0: Error creating bean with name 'productServiceImpl': Unsatisfied dependency expressed through field 'modelMapper': Error creating bean with name 'phoneGoApplication': Requested bean is currently in creation: Is there an unresolvable circular reference?
2024-11-08T10:23:35.765+07:00  INFO 36680 --- [PhoneGO] [restartedMain] j.LocalContainerEntityManagerFactoryBean : Closing JPA EntityManagerFactory for persistence unit 'default'
2024-11-08T10:23:38.334+07:00  INFO 36680 --- [PhoneGO] [restartedMain] com.zaxxer.hikari.HikariDataSource       : HikariPool-1 - Shutdown initiated...
2024-11-08T10:23:38.337+07:00  INFO 36680 --- [PhoneGO] [restartedMain] com.zaxxer.hikari.HikariDataSource       : HikariPool-1 - Shutdown completed.
2024-11-08T10:23:38.340+07:00  INFO 36680 --- [PhoneGO] [restartedMain] o.apache.catalina.core.StandardService   : Stopping service [Tomcat]
2024-11-08T10:23:38.355+07:00  INFO 36680 --- [PhoneGO] [restartedMain] .s.b.a.l.ConditionEvaluationReportLogger : 

Error starting ApplicationContext. To display the condition evaluation report re-run your application with 'debug' enabled.
2024-11-08T10:23:38.375+07:00 ERROR 36680 --- [PhoneGO] [restartedMain] o.s.b.d.LoggingFailureAnalysisReporter   : 

***************************
APPLICATION FAILED TO START
***************************

Description:

The dependencies of some of the beans in the application context form a cycle:

┌─────┐
|  phoneGoApplication
↑     ↓
|  DBInsertion defined in file [D:\Workspace\WWW_Java\PhoneGO\target\classes\iuh\fit\se\utils\DBInsertion.class]
↑     ↓
|  productServiceImpl (field org.modelmapper.ModelMapper iuh.fit.se.services.impl.ProductServiceImpl.modelMapper)
└─────┘


Action:

Relying upon circular references is discouraged and they are prohibited by default. Update your application to remove the dependency cycle between beans. As a last resort, it may be possible to break the cycle automatically by setting spring.main.allow-circular-references to true.

2024-11-08T10:27:07.196+07:00  INFO 79764 --- [PhoneGO] [restartedMain] iuh.fit.se.PhoneGoApplication            : Starting PhoneGoApplication using Java 22.0.2 with PID 79764 (D:\Workspace\WWW_Java\PhoneGO\target\classes started by thaik in D:\Workspace\WWW_Java\PhoneGO)
2024-11-08T10:27:07.197+07:00  INFO 79764 --- [PhoneGO] [restartedMain] iuh.fit.se.PhoneGoApplication            : No active profile set, falling back to 1 default profile: "default"
2024-11-08T10:27:07.240+07:00  INFO 79764 --- [PhoneGO] [restartedMain] .e.DevToolsPropertyDefaultsPostProcessor : Devtools property defaults active! Set 'spring.devtools.add-properties' to 'false' to disable
2024-11-08T10:27:07.240+07:00  INFO 79764 --- [PhoneGO] [restartedMain] .e.DevToolsPropertyDefaultsPostProcessor : For additional web related logging consider setting the 'logging.level.web' property to 'DEBUG'
2024-11-08T10:27:08.291+07:00  INFO 79764 --- [PhoneGO] [restartedMain] .s.d.r.c.RepositoryConfigurationDelegate : Bootstrapping Spring Data JPA repositories in DEFAULT mode.
2024-11-08T10:27:08.344+07:00  INFO 79764 --- [PhoneGO] [restartedMain] .s.d.r.c.RepositoryConfigurationDelegate : Finished Spring Data repository scanning in 45 ms. Found 2 JPA repository interfaces.
2024-11-08T10:27:09.121+07:00  INFO 79764 --- [PhoneGO] [restartedMain] o.s.b.w.embedded.tomcat.TomcatWebServer  : Tomcat initialized with port 5000 (http)
2024-11-08T10:27:09.135+07:00  INFO 79764 --- [PhoneGO] [restartedMain] o.apache.catalina.core.StandardService   : Starting service [Tomcat]
2024-11-08T10:27:09.135+07:00  INFO 79764 --- [PhoneGO] [restartedMain] o.apache.catalina.core.StandardEngine    : Starting Servlet engine: [Apache Tomcat/10.1.30]
2024-11-08T10:27:09.201+07:00  INFO 79764 --- [PhoneGO] [restartedMain] o.a.c.c.C.[Tomcat].[localhost].[/]       : Initializing Spring embedded WebApplicationContext
2024-11-08T10:27:09.201+07:00  INFO 79764 --- [PhoneGO] [restartedMain] w.s.c.ServletWebServerApplicationContext : Root WebApplicationContext: initialization completed in 1960 ms
2024-11-08T10:27:09.388+07:00 DEBUG 79764 --- [PhoneGO] [restartedMain] o.s.w.f.ServerHttpObservationFilter      : Filter 'webMvcObservationFilter' configured for use
2024-11-08T10:27:09.860+07:00  INFO 79764 --- [PhoneGO] [restartedMain] o.s.o.j.p.SpringPersistenceUnitInfo      : No LoadTimeWeaver setup: ignoring JPA class transformer
2024-11-08T10:27:09.892+07:00  INFO 79764 --- [PhoneGO] [restartedMain] com.zaxxer.hikari.HikariDataSource       : HikariPool-1 - Starting...
2024-11-08T10:27:09.983+07:00  INFO 79764 --- [PhoneGO] [restartedMain] com.zaxxer.hikari.pool.HikariPool        : HikariPool-1 - Added connection org.mariadb.jdbc.Connection@4e02d7eb
2024-11-08T10:27:09.985+07:00  INFO 79764 --- [PhoneGO] [restartedMain] com.zaxxer.hikari.HikariDataSource       : HikariPool-1 - Start completed.
2024-11-08T10:27:16.751+07:00  INFO 79764 --- [PhoneGO] [restartedMain] j.LocalContainerEntityManagerFactoryBean : Initialized JPA EntityManagerFactory for persistence unit 'default'
2024-11-08T10:27:17.057+07:00  INFO 79764 --- [PhoneGO] [restartedMain] o.s.d.j.r.query.QueryEnhancerFactory     : Hibernate is in classpath; If applicable, HQL parser will be used.
2024-11-08T10:27:18.102+07:00  WARN 79764 --- [PhoneGO] [restartedMain] JpaBaseConfiguration$JpaWebConfiguration : spring.jpa.open-in-view is enabled by default. Therefore, database queries may be performed during view rendering. Explicitly configure spring.jpa.open-in-view to disable this warning
2024-11-08T10:27:18.292+07:00  WARN 79764 --- [PhoneGO] [restartedMain] .s.s.UserDetailsServiceAutoConfiguration : 

Using generated security password: 88f7b347-313b-4d18-8d88-eb9771cf18e7

This generated password is for development use only. Your security configuration must be updated before running your application in production.

2024-11-08T10:27:18.333+07:00  INFO 79764 --- [PhoneGO] [restartedMain] r$InitializeUserDetailsManagerConfigurer : Global AuthenticationManager configured with UserDetailsService bean with name inMemoryUserDetailsManager
2024-11-08T10:27:18.643+07:00 DEBUG 79764 --- [PhoneGO] [restartedMain] s.w.s.m.m.a.RequestMappingHandlerMapping : 6 mappings in 'requestMappingHandlerMapping'
2024-11-08T10:27:18.807+07:00 DEBUG 79764 --- [PhoneGO] [restartedMain] o.s.w.s.handler.SimpleUrlHandlerMapping  : Patterns [/webjars/**, /**, /swagger-ui*/*swagger-initializer.js, /swagger-ui*/**, /api/explorer/**] in 'resourceHandlerMapping'
2024-11-08T10:27:19.102+07:00  INFO 79764 --- [PhoneGO] [restartedMain] o.s.b.a.e.web.EndpointLinksResolver      : Exposing 1 endpoint beneath base path '/actuator'
2024-11-08T10:27:19.324+07:00 DEBUG 79764 --- [PhoneGO] [restartedMain] s.w.s.m.m.a.RequestMappingHandlerAdapter : ControllerAdvice beans: 0 @ModelAttribute, 0 @InitBinder, 1 RequestBodyAdvice, 1 ResponseBodyAdvice
2024-11-08T10:27:19.364+07:00 DEBUG 79764 --- [PhoneGO] [restartedMain] .m.m.a.ExceptionHandlerExceptionResolver : ControllerAdvice beans: 3 @ExceptionHandler, 1 ResponseBodyAdvice
2024-11-08T10:27:19.408+07:00 DEBUG 79764 --- [PhoneGO] [restartedMain] .m.m.a.ExceptionHandlerExceptionResolver : ControllerAdvice beans: 3 @ExceptionHandler, 0 ResponseBodyAdvice
2024-11-08T10:27:19.930+07:00  INFO 79764 --- [PhoneGO] [restartedMain] o.s.b.d.a.OptionalLiveReloadServer       : LiveReload server is running on port 35729
2024-11-08T10:27:20.021+07:00  INFO 79764 --- [PhoneGO] [restartedMain] o.s.b.w.embedded.tomcat.TomcatWebServer  : Tomcat started on port 5000 (http) with context path '/'
2024-11-08T10:27:20.038+07:00  INFO 79764 --- [PhoneGO] [restartedMain] iuh.fit.se.PhoneGoApplication            : Started PhoneGoApplication in 13.292 seconds (process running for 14.099)
2024-11-08T10:27:20.835+07:00  INFO 79764 --- [PhoneGO] [RMI TCP Connection(4)-127.0.0.1] o.a.c.c.C.[Tomcat].[localhost].[/]       : Initializing Spring DispatcherServlet 'dispatcherServlet'
2024-11-08T10:27:20.835+07:00  INFO 79764 --- [PhoneGO] [RMI TCP Connection(4)-127.0.0.1] o.s.web.servlet.DispatcherServlet        : Initializing Servlet 'dispatcherServlet'
2024-11-08T10:27:20.836+07:00 DEBUG 79764 --- [PhoneGO] [RMI TCP Connection(4)-127.0.0.1] o.s.web.servlet.DispatcherServlet        : Detected StandardServletMultipartResolver
2024-11-08T10:27:20.836+07:00 DEBUG 79764 --- [PhoneGO] [RMI TCP Connection(4)-127.0.0.1] o.s.web.servlet.DispatcherServlet        : Detected AcceptHeaderLocaleResolver
2024-11-08T10:27:20.836+07:00 DEBUG 79764 --- [PhoneGO] [RMI TCP Connection(4)-127.0.0.1] o.s.web.servlet.DispatcherServlet        : Detected FixedThemeResolver
2024-11-08T10:27:20.837+07:00 DEBUG 79764 --- [PhoneGO] [RMI TCP Connection(4)-127.0.0.1] o.s.web.servlet.DispatcherServlet        : Detected org.springframework.web.servlet.view.DefaultRequestToViewNameTranslator@6a56ce5b
2024-11-08T10:27:20.838+07:00 DEBUG 79764 --- [PhoneGO] [RMI TCP Connection(4)-127.0.0.1] o.s.web.servlet.DispatcherServlet        : Detected org.springframework.web.servlet.support.SessionFlashMapManager@41b43e56
2024-11-08T10:27:20.838+07:00 DEBUG 79764 --- [PhoneGO] [RMI TCP Connection(4)-127.0.0.1] o.s.web.servlet.DispatcherServlet        : enableLoggingRequestDetails='false': request parameters and headers will be masked to prevent unsafe logging of potentially sensitive data
2024-11-08T10:27:20.838+07:00  INFO 79764 --- [PhoneGO] [RMI TCP Connection(4)-127.0.0.1] o.s.web.servlet.DispatcherServlet        : Completed initialization in 2 ms
2024-11-08T10:28:50.217+07:00  INFO 79764 --- [PhoneGO] [File Watcher] rtingClassPathChangeChangedEventListener : Restarting due to 1 class path change (0 additions, 0 deletions, 1 modification)
2024-11-08T10:28:50.231+07:00  INFO 79764 --- [PhoneGO] [Thread-5] j.LocalContainerEntityManagerFactoryBean : Closing JPA EntityManagerFactory for persistence unit 'default'
2024-11-08T10:28:53.243+07:00  INFO 79764 --- [PhoneGO] [Thread-5] com.zaxxer.hikari.HikariDataSource       : HikariPool-1 - Shutdown initiated...
2024-11-08T10:28:53.250+07:00  INFO 79764 --- [PhoneGO] [Thread-5] com.zaxxer.hikari.HikariDataSource       : HikariPool-1 - Shutdown completed.
2024-11-08T10:28:53.345+07:00  INFO 79764 --- [PhoneGO] [restartedMain] iuh.fit.se.PhoneGoApplication            : Starting PhoneGoApplication using Java 22.0.2 with PID 79764 (D:\Workspace\WWW_Java\PhoneGO\target\classes started by thaik in D:\Workspace\WWW_Java\PhoneGO)
2024-11-08T10:28:53.346+07:00  INFO 79764 --- [PhoneGO] [restartedMain] iuh.fit.se.PhoneGoApplication            : No active profile set, falling back to 1 default profile: "default"
2024-11-08T10:28:53.673+07:00  INFO 79764 --- [PhoneGO] [restartedMain] .s.d.r.c.RepositoryConfigurationDelegate : Bootstrapping Spring Data JPA repositories in DEFAULT mode.
2024-11-08T10:28:53.689+07:00  INFO 79764 --- [PhoneGO] [restartedMain] .s.d.r.c.RepositoryConfigurationDelegate : Finished Spring Data repository scanning in 15 ms. Found 2 JPA repository interfaces.
2024-11-08T10:28:53.867+07:00  INFO 79764 --- [PhoneGO] [restartedMain] o.s.b.w.embedded.tomcat.TomcatWebServer  : Tomcat initialized with port 5000 (http)
2024-11-08T10:28:53.868+07:00  INFO 79764 --- [PhoneGO] [restartedMain] o.apache.catalina.core.StandardService   : Starting service [Tomcat]
2024-11-08T10:28:53.868+07:00  INFO 79764 --- [PhoneGO] [restartedMain] o.apache.catalina.core.StandardEngine    : Starting Servlet engine: [Apache Tomcat/10.1.30]
2024-11-08T10:28:53.899+07:00  INFO 79764 --- [PhoneGO] [restartedMain] o.a.c.c.C.[Tomcat].[localhost].[/]       : Initializing Spring embedded WebApplicationContext
2024-11-08T10:28:53.899+07:00  INFO 79764 --- [PhoneGO] [restartedMain] w.s.c.ServletWebServerApplicationContext : Root WebApplicationContext: initialization completed in 552 ms
2024-11-08T10:28:53.991+07:00 DEBUG 79764 --- [PhoneGO] [restartedMain] o.s.w.f.ServerHttpObservationFilter      : Filter 'webMvcObservationFilter' configured for use
2024-11-08T10:28:54.068+07:00  INFO 79764 --- [PhoneGO] [restartedMain] o.s.o.j.p.SpringPersistenceUnitInfo      : No LoadTimeWeaver setup: ignoring JPA class transformer
2024-11-08T10:28:54.068+07:00  INFO 79764 --- [PhoneGO] [restartedMain] com.zaxxer.hikari.HikariDataSource       : HikariPool-2 - Starting...
2024-11-08T10:28:54.072+07:00  INFO 79764 --- [PhoneGO] [restartedMain] com.zaxxer.hikari.pool.HikariPool        : HikariPool-2 - Added connection org.mariadb.jdbc.Connection@4e2a7db2
2024-11-08T10:28:54.072+07:00  INFO 79764 --- [PhoneGO] [restartedMain] com.zaxxer.hikari.HikariDataSource       : HikariPool-2 - Start completed.
2024-11-08T10:28:59.869+07:00  INFO 79764 --- [PhoneGO] [restartedMain] j.LocalContainerEntityManagerFactoryBean : Initialized JPA EntityManagerFactory for persistence unit 'default'
2024-11-08T10:29:00.094+07:00  WARN 79764 --- [PhoneGO] [restartedMain] JpaBaseConfiguration$JpaWebConfiguration : spring.jpa.open-in-view is enabled by default. Therefore, database queries may be performed during view rendering. Explicitly configure spring.jpa.open-in-view to disable this warning
2024-11-08T10:29:00.208+07:00  WARN 79764 --- [PhoneGO] [restartedMain] .s.s.UserDetailsServiceAutoConfiguration : 

Using generated security password: 3d5c2a3b-431a-4d19-b285-2994273293d8

This generated password is for development use only. Your security configuration must be updated before running your application in production.

2024-11-08T10:29:00.212+07:00  INFO 79764 --- [PhoneGO] [restartedMain] r$InitializeUserDetailsManagerConfigurer : Global AuthenticationManager configured with UserDetailsService bean with name inMemoryUserDetailsManager
2024-11-08T10:29:00.292+07:00 DEBUG 79764 --- [PhoneGO] [restartedMain] s.w.s.m.m.a.RequestMappingHandlerMapping : 6 mappings in 'requestMappingHandlerMapping'
2024-11-08T10:29:00.356+07:00 DEBUG 79764 --- [PhoneGO] [restartedMain] o.s.w.s.handler.SimpleUrlHandlerMapping  : Patterns [/webjars/**, /**, /swagger-ui*/*swagger-initializer.js, /swagger-ui*/**, /api/explorer/**] in 'resourceHandlerMapping'
2024-11-08T10:29:00.567+07:00  INFO 79764 --- [PhoneGO] [restartedMain] o.s.b.a.e.web.EndpointLinksResolver      : Exposing 1 endpoint beneath base path '/actuator'
2024-11-08T10:29:00.700+07:00 DEBUG 79764 --- [PhoneGO] [restartedMain] s.w.s.m.m.a.RequestMappingHandlerAdapter : ControllerAdvice beans: 0 @ModelAttribute, 0 @InitBinder, 1 RequestBodyAdvice, 1 ResponseBodyAdvice
2024-11-08T10:29:00.714+07:00 DEBUG 79764 --- [PhoneGO] [restartedMain] .m.m.a.ExceptionHandlerExceptionResolver : ControllerAdvice beans: 3 @ExceptionHandler, 1 ResponseBodyAdvice
2024-11-08T10:29:00.748+07:00 DEBUG 79764 --- [PhoneGO] [restartedMain] .m.m.a.ExceptionHandlerExceptionResolver : ControllerAdvice beans: 3 @ExceptionHandler, 0 ResponseBodyAdvice
2024-11-08T10:29:01.060+07:00  INFO 79764 --- [PhoneGO] [restartedMain] o.s.b.d.a.OptionalLiveReloadServer       : LiveReload server is running on port 35729
2024-11-08T10:29:01.088+07:00  INFO 79764 --- [PhoneGO] [restartedMain] o.s.b.w.embedded.tomcat.TomcatWebServer  : Tomcat started on port 5000 (http) with context path '/'
2024-11-08T10:29:01.099+07:00  INFO 79764 --- [PhoneGO] [restartedMain] iuh.fit.se.PhoneGoApplication            : Started PhoneGoApplication in 7.792 seconds (process running for 115.16)
2024-11-08T10:29:01.102+07:00  INFO 79764 --- [PhoneGO] [restartedMain] .ConditionEvaluationDeltaLoggingListener : Condition evaluation unchanged
2024-11-08T10:29:02.498+07:00  INFO 79764 --- [PhoneGO] [File Watcher] rtingClassPathChangeChangedEventListener : Restarting due to 1 class path change (0 additions, 0 deletions, 1 modification)
2024-11-08T10:29:02.504+07:00  INFO 79764 --- [PhoneGO] [Thread-7] j.LocalContainerEntityManagerFactoryBean : Closing JPA EntityManagerFactory for persistence unit 'default'
2024-11-08T10:29:02.589+07:00  INFO 79764 --- [PhoneGO] [restartedMain] iuh.fit.se.PhoneGoApplication            : Starting PhoneGoApplication using Java 22.0.2 with PID 79764 (D:\Workspace\WWW_Java\PhoneGO\target\classes started by thaik in D:\Workspace\WWW_Java\PhoneGO)
2024-11-08T10:29:02.589+07:00  INFO 79764 --- [PhoneGO] [restartedMain] iuh.fit.se.PhoneGoApplication            : No active profile set, falling back to 1 default profile: "default"
2024-11-08T10:29:02.936+07:00  INFO 79764 --- [PhoneGO] [restartedMain] .s.d.r.c.RepositoryConfigurationDelegate : Bootstrapping Spring Data JPA repositories in DEFAULT mode.
2024-11-08T10:29:02.951+07:00  INFO 79764 --- [PhoneGO] [restartedMain] .s.d.r.c.RepositoryConfigurationDelegate : Finished Spring Data repository scanning in 13 ms. Found 2 JPA repository interfaces.
2024-11-08T10:29:03.110+07:00  INFO 79764 --- [PhoneGO] [restartedMain] o.s.b.w.embedded.tomcat.TomcatWebServer  : Tomcat initialized with port 5000 (http)
2024-11-08T10:29:03.111+07:00  INFO 79764 --- [PhoneGO] [restartedMain] o.apache.catalina.core.StandardService   : Starting service [Tomcat]
2024-11-08T10:29:03.111+07:00  INFO 79764 --- [PhoneGO] [restartedMain] o.apache.catalina.core.StandardEngine    : Starting Servlet engine: [Apache Tomcat/10.1.30]
2024-11-08T10:29:03.141+07:00  INFO 79764 --- [PhoneGO] [restartedMain] o.a.c.c.C.[Tomcat].[localhost].[/]       : Initializing Spring embedded WebApplicationContext
2024-11-08T10:29:03.141+07:00  INFO 79764 --- [PhoneGO] [restartedMain] w.s.c.ServletWebServerApplicationContext : Root WebApplicationContext: initialization completed in 550 ms
2024-11-08T10:29:03.229+07:00 DEBUG 79764 --- [PhoneGO] [restartedMain] o.s.w.f.ServerHttpObservationFilter      : Filter 'webMvcObservationFilter' configured for use
2024-11-08T10:29:03.289+07:00  INFO 79764 --- [PhoneGO] [restartedMain] o.s.o.j.p.SpringPersistenceUnitInfo      : No LoadTimeWeaver setup: ignoring JPA class transformer
2024-11-08T10:29:03.290+07:00  INFO 79764 --- [PhoneGO] [restartedMain] com.zaxxer.hikari.HikariDataSource       : HikariPool-3 - Starting...
2024-11-08T10:29:03.292+07:00  INFO 79764 --- [PhoneGO] [restartedMain] com.zaxxer.hikari.pool.HikariPool        : HikariPool-3 - Added connection org.mariadb.jdbc.Connection@3b23d392
2024-11-08T10:29:03.293+07:00  INFO 79764 --- [PhoneGO] [restartedMain] com.zaxxer.hikari.HikariDataSource       : HikariPool-3 - Start completed.
2024-11-08T10:29:05.732+07:00  INFO 79764 --- [PhoneGO] [Thread-7] com.zaxxer.hikari.HikariDataSource       : HikariPool-2 - Shutdown initiated...
2024-11-08T10:29:05.734+07:00  INFO 79764 --- [PhoneGO] [Thread-7] com.zaxxer.hikari.HikariDataSource       : HikariPool-2 - Shutdown completed.
2024-11-08T10:29:05.735+07:00  INFO 79764 --- [PhoneGO] [Thread-7] o.apache.catalina.core.StandardService   : Stopping service [Tomcat]
2024-11-08T10:29:05.813+07:00  INFO 79764 --- [PhoneGO] [restartedMain] .e.DevToolsPropertyDefaultsPostProcessor : Devtools property defaults active! Set 'spring.devtools.add-properties' to 'false' to disable
2024-11-08T10:29:05.813+07:00  INFO 79764 --- [PhoneGO] [restartedMain] .e.DevToolsPropertyDefaultsPostProcessor : For additional web related logging consider setting the 'logging.level.web' property to 'DEBUG'
2024-11-08T10:29:05.817+07:00  INFO 79764 --- [PhoneGO] [restartedMain] iuh.fit.se.PhoneGoApplication            : Starting PhoneGoApplication using Java 22.0.2 with PID 79764 (D:\Workspace\WWW_Java\PhoneGO\target\classes started by thaik in D:\Workspace\WWW_Java\PhoneGO)
2024-11-08T10:29:05.817+07:00  INFO 79764 --- [PhoneGO] [restartedMain] iuh.fit.se.PhoneGoApplication            : No active profile set, falling back to 1 default profile: "default"
2024-11-08T10:29:06.149+07:00  INFO 79764 --- [PhoneGO] [restartedMain] .s.d.r.c.RepositoryConfigurationDelegate : Bootstrapping Spring Data JPA repositories in DEFAULT mode.
2024-11-08T10:29:06.162+07:00  INFO 79764 --- [PhoneGO] [restartedMain] .s.d.r.c.RepositoryConfigurationDelegate : Finished Spring Data repository scanning in 13 ms. Found 2 JPA repository interfaces.
2024-11-08T10:29:06.350+07:00  INFO 79764 --- [PhoneGO] [restartedMain] o.s.b.w.embedded.tomcat.TomcatWebServer  : Tomcat initialized with port 5000 (http)
2024-11-08T10:29:06.353+07:00  INFO 79764 --- [PhoneGO] [restartedMain] o.apache.catalina.core.StandardService   : Starting service [Tomcat]
2024-11-08T10:29:06.353+07:00  INFO 79764 --- [PhoneGO] [restartedMain] o.apache.catalina.core.StandardEngine    : Starting Servlet engine: [Apache Tomcat/10.1.30]
2024-11-08T10:29:06.382+07:00  INFO 79764 --- [PhoneGO] [restartedMain] o.a.c.c.C.[Tomcat-1].[localhost].[/]     : Initializing Spring embedded WebApplicationContext
2024-11-08T10:29:06.382+07:00  INFO 79764 --- [PhoneGO] [restartedMain] w.s.c.ServletWebServerApplicationContext : Root WebApplicationContext: initialization completed in 563 ms
2024-11-08T10:29:06.465+07:00 DEBUG 79764 --- [PhoneGO] [restartedMain] o.s.w.f.ServerHttpObservationFilter      : Filter 'webMvcObservationFilter' configured for use
2024-11-08T10:29:06.527+07:00  INFO 79764 --- [PhoneGO] [restartedMain] o.s.o.j.p.SpringPersistenceUnitInfo      : No LoadTimeWeaver setup: ignoring JPA class transformer
2024-11-08T10:29:06.527+07:00  INFO 79764 --- [PhoneGO] [restartedMain] com.zaxxer.hikari.HikariDataSource       : HikariPool-4 - Starting...
2024-11-08T10:29:06.530+07:00  INFO 79764 --- [PhoneGO] [restartedMain] com.zaxxer.hikari.pool.HikariPool        : HikariPool-4 - Added connection org.mariadb.jdbc.Connection@41909dd8
2024-11-08T10:29:06.531+07:00  INFO 79764 --- [PhoneGO] [restartedMain] com.zaxxer.hikari.HikariDataSource       : HikariPool-4 - Start completed.
2024-11-08T10:29:09.060+07:00  WARN 79764 --- [PhoneGO] [restartedMain] o.m.jdbc.message.server.ErrorPacket      : Error: 1451-23000: Cannot delete or update a parent row: a foreign key constraint fails
2024-11-08T10:29:09.166+07:00  WARN 79764 --- [PhoneGO] [restartedMain] o.m.jdbc.message.server.ErrorPacket      : Error: 1005-HY000: Can't create table `phonego`.`product_discount` (errno: 150 "Foreign key constraint is incorrectly formed")
2024-11-08T10:29:09.417+07:00  INFO 79764 --- [PhoneGO] [restartedMain] j.LocalContainerEntityManagerFactoryBean : Initialized JPA EntityManagerFactory for persistence unit 'default'
2024-11-08T10:29:09.635+07:00  WARN 79764 --- [PhoneGO] [restartedMain] JpaBaseConfiguration$JpaWebConfiguration : spring.jpa.open-in-view is enabled by default. Therefore, database queries may be performed during view rendering. Explicitly configure spring.jpa.open-in-view to disable this warning
2024-11-08T10:29:09.735+07:00  WARN 79764 --- [PhoneGO] [restartedMain] .s.s.UserDetailsServiceAutoConfiguration : 

Using generated security password: 036ed128-2f14-4c7d-a0c4-a345ed4aed2b

This generated password is for development use only. Your security configuration must be updated before running your application in production.

2024-11-08T10:29:09.737+07:00  INFO 79764 --- [PhoneGO] [restartedMain] r$InitializeUserDetailsManagerConfigurer : Global AuthenticationManager configured with UserDetailsService bean with name inMemoryUserDetailsManager
2024-11-08T10:29:09.809+07:00 DEBUG 79764 --- [PhoneGO] [restartedMain] s.w.s.m.m.a.RequestMappingHandlerMapping : 6 mappings in 'requestMappingHandlerMapping'
2024-11-08T10:29:09.862+07:00 DEBUG 79764 --- [PhoneGO] [restartedMain] o.s.w.s.handler.SimpleUrlHandlerMapping  : Patterns [/webjars/**, /**, /swagger-ui*/*swagger-initializer.js, /swagger-ui*/**, /api/explorer/**] in 'resourceHandlerMapping'
2024-11-08T10:29:09.991+07:00  INFO 79764 --- [PhoneGO] [restartedMain] o.s.b.a.e.web.EndpointLinksResolver      : Exposing 1 endpoint beneath base path '/actuator'
2024-11-08T10:29:10.091+07:00 DEBUG 79764 --- [PhoneGO] [restartedMain] s.w.s.m.m.a.RequestMappingHandlerAdapter : ControllerAdvice beans: 0 @ModelAttribute, 0 @InitBinder, 1 RequestBodyAdvice, 1 ResponseBodyAdvice
2024-11-08T10:29:10.103+07:00 DEBUG 79764 --- [PhoneGO] [restartedMain] .m.m.a.ExceptionHandlerExceptionResolver : ControllerAdvice beans: 3 @ExceptionHandler, 1 ResponseBodyAdvice
2024-11-08T10:29:10.128+07:00 DEBUG 79764 --- [PhoneGO] [restartedMain] .m.m.a.ExceptionHandlerExceptionResolver : ControllerAdvice beans: 3 @ExceptionHandler, 0 ResponseBodyAdvice
2024-11-08T10:29:10.298+07:00  WARN 79764 --- [PhoneGO] [restartedMain] o.m.jdbc.message.server.ErrorPacket      : Error: 1050-42S01: Table 'product' already exists
2024-11-08T10:29:10.410+07:00  INFO 79764 --- [PhoneGO] [restartedMain] o.s.b.d.a.OptionalLiveReloadServer       : LiveReload server is running on port 35729
2024-11-08T10:29:10.433+07:00  INFO 79764 --- [PhoneGO] [restartedMain] o.s.b.w.embedded.tomcat.TomcatWebServer  : Tomcat started on port 5000 (http) with context path '/'
2024-11-08T10:29:10.442+07:00  INFO 79764 --- [PhoneGO] [restartedMain] iuh.fit.se.PhoneGoApplication            : Started PhoneGoApplication in 7.88 seconds (process running for 124.504)
2024-11-08T10:29:10.444+07:00  INFO 79764 --- [PhoneGO] [restartedMain] .ConditionEvaluationDeltaLoggingListener : Condition evaluation unchanged
2024-11-08T10:29:14.210+07:00  INFO 79764 --- [PhoneGO] [restartedMain] j.LocalContainerEntityManagerFactoryBean : Initialized JPA EntityManagerFactory for persistence unit 'default'
2024-11-08T10:29:14.401+07:00  WARN 79764 --- [PhoneGO] [restartedMain] JpaBaseConfiguration$JpaWebConfiguration : spring.jpa.open-in-view is enabled by default. Therefore, database queries may be performed during view rendering. Explicitly configure spring.jpa.open-in-view to disable this warning
2024-11-08T10:29:14.497+07:00  WARN 79764 --- [PhoneGO] [restartedMain] .s.s.UserDetailsServiceAutoConfiguration : 

Using generated security password: 0147815f-0eea-43a5-b7dd-d58a1050f93e

This generated password is for development use only. Your security configuration must be updated before running your application in production.

2024-11-08T10:29:14.500+07:00  INFO 79764 --- [PhoneGO] [restartedMain] r$InitializeUserDetailsManagerConfigurer : Global AuthenticationManager configured with UserDetailsService bean with name inMemoryUserDetailsManager
2024-11-08T10:29:14.573+07:00 DEBUG 79764 --- [PhoneGO] [restartedMain] s.w.s.m.m.a.RequestMappingHandlerMapping : 6 mappings in 'requestMappingHandlerMapping'
2024-11-08T10:29:14.642+07:00 DEBUG 79764 --- [PhoneGO] [restartedMain] o.s.w.s.handler.SimpleUrlHandlerMapping  : Patterns [/webjars/**, /**, /swagger-ui*/*swagger-initializer.js, /swagger-ui*/**, /api/explorer/**] in 'resourceHandlerMapping'
2024-11-08T10:29:14.769+07:00  INFO 79764 --- [PhoneGO] [restartedMain] o.s.b.a.e.web.EndpointLinksResolver      : Exposing 1 endpoint beneath base path '/actuator'
2024-11-08T10:29:14.868+07:00 DEBUG 79764 --- [PhoneGO] [restartedMain] s.w.s.m.m.a.RequestMappingHandlerAdapter : ControllerAdvice beans: 0 @ModelAttribute, 0 @InitBinder, 1 RequestBodyAdvice, 1 ResponseBodyAdvice
2024-11-08T10:29:14.881+07:00 DEBUG 79764 --- [PhoneGO] [restartedMain] .m.m.a.ExceptionHandlerExceptionResolver : ControllerAdvice beans: 3 @ExceptionHandler, 1 ResponseBodyAdvice
2024-11-08T10:29:14.907+07:00 DEBUG 79764 --- [PhoneGO] [restartedMain] .m.m.a.ExceptionHandlerExceptionResolver : ControllerAdvice beans: 3 @ExceptionHandler, 0 ResponseBodyAdvice
2024-11-08T10:29:15.141+07:00  WARN 79764 --- [PhoneGO] [restartedMain] ConfigServletWebServerApplicationContext : Exception encountered during context initialization - cancelling refresh attempt: org.springframework.beans.factory.BeanCreationException: Error creating bean with name 'springApplicationAdminRegistrar' defined in class path resource [org/springframework/boot/autoconfigure/admin/SpringApplicationAdminJmxAutoConfiguration.class]: org.springframework.boot:type=Admin,name=SpringApplication
2024-11-08T10:29:15.142+07:00  INFO 79764 --- [PhoneGO] [restartedMain] j.LocalContainerEntityManagerFactoryBean : Closing JPA EntityManagerFactory for persistence unit 'default'
2024-11-08T10:29:17.507+07:00  INFO 79764 --- [PhoneGO] [restartedMain] com.zaxxer.hikari.HikariDataSource       : HikariPool-4 - Shutdown initiated...
2024-11-08T10:29:17.509+07:00  INFO 79764 --- [PhoneGO] [restartedMain] com.zaxxer.hikari.HikariDataSource       : HikariPool-4 - Shutdown completed.
2024-11-08T10:29:17.509+07:00  INFO 79764 --- [PhoneGO] [restartedMain] o.apache.catalina.core.StandardService   : Stopping service [Tomcat]
2024-11-08T10:29:17.518+07:00  INFO 79764 --- [PhoneGO] [restartedMain] .s.b.a.l.ConditionEvaluationReportLogger : 

Error starting ApplicationContext. To display the condition evaluation report re-run your application with 'debug' enabled.
2024-11-08T10:29:17.534+07:00 ERROR 79764 --- [PhoneGO] [restartedMain] o.s.boot.SpringApplication               : Application run failed

org.springframework.beans.factory.BeanCreationException: Error creating bean with name 'springApplicationAdminRegistrar' defined in class path resource [org/springframework/boot/autoconfigure/admin/SpringApplicationAdminJmxAutoConfiguration.class]: org.springframework.boot:type=Admin,name=SpringApplication
	at org.springframework.beans.factory.support.AbstractAutowireCapableBeanFactory.initializeBean(AbstractAutowireCapableBeanFactory.java:1806)
	at org.springframework.beans.factory.support.AbstractAutowireCapableBeanFactory.doCreateBean(AbstractAutowireCapableBeanFactory.java:600)
	at org.springframework.beans.factory.support.AbstractAutowireCapableBeanFactory.createBean(AbstractAutowireCapableBeanFactory.java:522)
	at org.springframework.beans.factory.support.AbstractBeanFactory.lambda$doGetBean$0(AbstractBeanFactory.java:337)
	at org.springframework.beans.factory.support.DefaultSingletonBeanRegistry.getSingleton(DefaultSingletonBeanRegistry.java:234)
	at org.springframework.beans.factory.support.AbstractBeanFactory.doGetBean(AbstractBeanFactory.java:335)
	at org.springframework.beans.factory.support.AbstractBeanFactory.getBean(AbstractBeanFactory.java:200)
	at org.springframework.beans.factory.support.DefaultListableBeanFactory.preInstantiateSingletons(DefaultListableBeanFactory.java:975)
	at org.springframework.context.support.AbstractApplicationContext.finishBeanFactoryInitialization(AbstractApplicationContext.java:971)
	at org.springframework.context.support.AbstractApplicationContext.refresh(AbstractApplicationContext.java:625)
	at org.springframework.boot.web.servlet.context.ServletWebServerApplicationContext.refresh(ServletWebServerApplicationContext.java:146)
	at org.springframework.boot.SpringApplication.refresh(SpringApplication.java:754)
	at org.springframework.boot.SpringApplication.refreshContext(SpringApplication.java:456)
	at org.springframework.boot.SpringApplication.run(SpringApplication.java:335)
	at org.springframework.boot.SpringApplication.run(SpringApplication.java:1363)
	at org.springframework.boot.SpringApplication.run(SpringApplication.java:1352)
	at iuh.fit.se.PhoneGoApplication.main(PhoneGoApplication.java:14)
	at java.base/jdk.internal.reflect.DirectMethodHandleAccessor.invoke(DirectMethodHandleAccessor.java:103)
	at java.base/java.lang.reflect.Method.invoke(Method.java:580)
	at org.springframework.boot.devtools.restart.RestartLauncher.run(RestartLauncher.java:50)
Caused by: javax.management.InstanceAlreadyExistsException: org.springframework.boot:type=Admin,name=SpringApplication
	at java.management/com.sun.jmx.mbeanserver.Repository.addMBean(Repository.java:322)
	at java.management/com.sun.jmx.interceptor.DefaultMBeanServerInterceptor.registerWithRepository(DefaultMBeanServerInterceptor.java:1848)
	at java.management/com.sun.jmx.interceptor.DefaultMBeanServerInterceptor.registerDynamicMBean(DefaultMBeanServerInterceptor.java:945)
	at java.management/com.sun.jmx.interceptor.DefaultMBeanServerInterceptor.registerObject(DefaultMBeanServerInterceptor.java:880)
	at java.management/com.sun.jmx.interceptor.DefaultMBeanServerInterceptor.registerMBean(DefaultMBeanServerInterceptor.java:315)
	at java.management/com.sun.jmx.mbeanserver.JmxMBeanServer.registerMBean(JmxMBeanServer.java:523)
	at org.springframework.boot.admin.SpringApplicationAdminMXBeanRegistrar.afterPropertiesSet(SpringApplicationAdminMXBeanRegistrar.java:129)
	at org.springframework.beans.factory.support.AbstractAutowireCapableBeanFactory.invokeInitMethods(AbstractAutowireCapableBeanFactory.java:1853)
	at org.springframework.beans.factory.support.AbstractAutowireCapableBeanFactory.initializeBean(AbstractAutowireCapableBeanFactory.java:1802)
	... 19 common frames omitted

2024-11-08T10:29:35.349+07:00  INFO 79764 --- [PhoneGO] [File Watcher] rtingClassPathChangeChangedEventListener : Restarting due to 1 class path change (0 additions, 0 deletions, 1 modification)
2024-11-08T10:29:35.386+07:00  INFO 79764 --- [PhoneGO] [restartedMain] iuh.fit.se.PhoneGoApplication            : Starting PhoneGoApplication using Java 22.0.2 with PID 79764 (D:\Workspace\WWW_Java\PhoneGO\target\classes started by thaik in D:\Workspace\WWW_Java\PhoneGO)
2024-11-08T10:29:35.386+07:00  INFO 79764 --- [PhoneGO] [restartedMain] iuh.fit.se.PhoneGoApplication            : No active profile set, falling back to 1 default profile: "default"
2024-11-08T10:29:35.396+07:00  INFO 79764 --- [PhoneGO] [restartedMain] .e.DevToolsPropertyDefaultsPostProcessor : Devtools property defaults active! Set 'spring.devtools.add-properties' to 'false' to disable
2024-11-08T10:29:35.396+07:00  INFO 79764 --- [PhoneGO] [restartedMain] .e.DevToolsPropertyDefaultsPostProcessor : For additional web related logging consider setting the 'logging.level.web' property to 'DEBUG'
2024-11-08T10:29:35.400+07:00  INFO 79764 --- [PhoneGO] [restartedMain] iuh.fit.se.PhoneGoApplication            : Starting PhoneGoApplication using Java 22.0.2 with PID 79764 (D:\Workspace\WWW_Java\PhoneGO\target\classes started by thaik in D:\Workspace\WWW_Java\PhoneGO)
2024-11-08T10:29:35.400+07:00  INFO 79764 --- [PhoneGO] [restartedMain] iuh.fit.se.PhoneGoApplication            : No active profile set, falling back to 1 default profile: "default"
2024-11-08T10:29:35.731+07:00  INFO 79764 --- [PhoneGO] [restartedMain] .s.d.r.c.RepositoryConfigurationDelegate : Bootstrapping Spring Data JPA repositories in DEFAULT mode.
2024-11-08T10:29:35.731+07:00  INFO 79764 --- [PhoneGO] [restartedMain] .s.d.r.c.RepositoryConfigurationDelegate : Bootstrapping Spring Data JPA repositories in DEFAULT mode.
2024-11-08T10:29:35.745+07:00  INFO 79764 --- [PhoneGO] [restartedMain] .s.d.r.c.RepositoryConfigurationDelegate : Finished Spring Data repository scanning in 13 ms. Found 2 JPA repository interfaces.
2024-11-08T10:29:35.745+07:00  INFO 79764 --- [PhoneGO] [restartedMain] .s.d.r.c.RepositoryConfigurationDelegate : Finished Spring Data repository scanning in 13 ms. Found 2 JPA repository interfaces.
2024-11-08T10:29:35.927+07:00  INFO 79764 --- [PhoneGO] [restartedMain] o.s.b.w.embedded.tomcat.TomcatWebServer  : Tomcat initialized with port 5000 (http)
2024-11-08T10:29:35.927+07:00  INFO 79764 --- [PhoneGO] [restartedMain] o.apache.catalina.core.StandardService   : Starting service [Tomcat]
2024-11-08T10:29:35.928+07:00  INFO 79764 --- [PhoneGO] [restartedMain] o.apache.catalina.core.StandardEngine    : Starting Servlet engine: [Apache Tomcat/10.1.30]
2024-11-08T10:29:35.927+07:00  INFO 79764 --- [PhoneGO] [restartedMain] o.s.b.w.embedded.tomcat.TomcatWebServer  : Tomcat initialized with port 5000 (http)
2024-11-08T10:29:35.930+07:00  INFO 79764 --- [PhoneGO] [restartedMain] o.apache.catalina.core.StandardService   : Starting service [Tomcat]
2024-11-08T10:29:35.931+07:00  INFO 79764 --- [PhoneGO] [restartedMain] o.apache.catalina.core.StandardEngine    : Starting Servlet engine: [Apache Tomcat/10.1.30]
2024-11-08T10:29:35.963+07:00  INFO 79764 --- [PhoneGO] [restartedMain] o.a.c.c.C.[Tomcat-1].[localhost].[/]     : Initializing Spring embedded WebApplicationContext
2024-11-08T10:29:35.963+07:00  INFO 79764 --- [PhoneGO] [restartedMain] o.a.c.c.C.[Tomcat-2].[localhost].[/]     : Initializing Spring embedded WebApplicationContext
2024-11-08T10:29:35.963+07:00  INFO 79764 --- [PhoneGO] [restartedMain] w.s.c.ServletWebServerApplicationContext : Root WebApplicationContext: initialization completed in 561 ms
2024-11-08T10:29:35.963+07:00  INFO 79764 --- [PhoneGO] [restartedMain] w.s.c.ServletWebServerApplicationContext : Root WebApplicationContext: initialization completed in 575 ms
2024-11-08T10:29:36.049+07:00 DEBUG 79764 --- [PhoneGO] [restartedMain] o.s.w.f.ServerHttpObservationFilter      : Filter 'webMvcObservationFilter' configured for use
2024-11-08T10:29:36.049+07:00 DEBUG 79764 --- [PhoneGO] [restartedMain] o.s.w.f.ServerHttpObservationFilter      : Filter 'webMvcObservationFilter' configured for use
2024-11-08T10:29:36.115+07:00  INFO 79764 --- [PhoneGO] [restartedMain] o.s.o.j.p.SpringPersistenceUnitInfo      : No LoadTimeWeaver setup: ignoring JPA class transformer
2024-11-08T10:29:36.115+07:00  INFO 79764 --- [PhoneGO] [restartedMain] o.s.o.j.p.SpringPersistenceUnitInfo      : No LoadTimeWeaver setup: ignoring JPA class transformer
2024-11-08T10:29:36.116+07:00  INFO 79764 --- [PhoneGO] [restartedMain] com.zaxxer.hikari.HikariDataSource       : HikariPool-6 - Starting...
2024-11-08T10:29:36.116+07:00  INFO 79764 --- [PhoneGO] [restartedMain] com.zaxxer.hikari.HikariDataSource       : HikariPool-5 - Starting...
2024-11-08T10:29:36.118+07:00  INFO 79764 --- [PhoneGO] [restartedMain] com.zaxxer.hikari.pool.HikariPool        : HikariPool-5 - Added connection org.mariadb.jdbc.Connection@73a8cee8
2024-11-08T10:29:36.118+07:00  INFO 79764 --- [PhoneGO] [restartedMain] com.zaxxer.hikari.pool.HikariPool        : HikariPool-6 - Added connection org.mariadb.jdbc.Connection@4c2dab6d
2024-11-08T10:29:36.118+07:00  INFO 79764 --- [PhoneGO] [restartedMain] com.zaxxer.hikari.HikariDataSource       : HikariPool-5 - Start completed.
2024-11-08T10:29:36.118+07:00  INFO 79764 --- [PhoneGO] [restartedMain] com.zaxxer.hikari.HikariDataSource       : HikariPool-6 - Start completed.
2024-11-08T10:29:36.173+07:00  INFO 79764 --- [PhoneGO] [Thread-12] com.zaxxer.hikari.HikariDataSource       : HikariPool-3 - Shutdown initiated...
2024-11-08T10:29:36.175+07:00  INFO 79764 --- [PhoneGO] [Thread-12] com.zaxxer.hikari.HikariDataSource       : HikariPool-3 - Shutdown completed.
2024-11-08T10:29:36.176+07:00  INFO 79764 --- [PhoneGO] [Thread-12] o.apache.catalina.core.StandardService   : Stopping service [Tomcat]
2024-11-08T10:29:36.271+07:00  INFO 79764 --- [PhoneGO] [restartedMain] .e.DevToolsPropertyDefaultsPostProcessor : Devtools property defaults active! Set 'spring.devtools.add-properties' to 'false' to disable
2024-11-08T10:29:36.271+07:00  INFO 79764 --- [PhoneGO] [restartedMain] .e.DevToolsPropertyDefaultsPostProcessor : For additional web related logging consider setting the 'logging.level.web' property to 'DEBUG'
2024-11-08T10:29:36.275+07:00  INFO 79764 --- [PhoneGO] [restartedMain] iuh.fit.se.PhoneGoApplication            : Starting PhoneGoApplication using Java 22.0.2 with PID 79764 (D:\Workspace\WWW_Java\PhoneGO\target\classes started by thaik in D:\Workspace\WWW_Java\PhoneGO)
2024-11-08T10:29:36.275+07:00  INFO 79764 --- [PhoneGO] [restartedMain] iuh.fit.se.PhoneGoApplication            : No active profile set, falling back to 1 default profile: "default"
2024-11-08T10:29:36.732+07:00  INFO 79764 --- [PhoneGO] [restartedMain] .s.d.r.c.RepositoryConfigurationDelegate : Bootstrapping Spring Data JPA repositories in DEFAULT mode.
2024-11-08T10:29:36.748+07:00  INFO 79764 --- [PhoneGO] [restartedMain] .s.d.r.c.RepositoryConfigurationDelegate : Finished Spring Data repository scanning in 15 ms. Found 2 JPA repository interfaces.
2024-11-08T10:29:36.932+07:00  INFO 79764 --- [PhoneGO] [restartedMain] o.s.b.w.embedded.tomcat.TomcatWebServer  : Tomcat initialized with port 5000 (http)
2024-11-08T10:29:36.933+07:00  INFO 79764 --- [PhoneGO] [restartedMain] o.apache.catalina.core.StandardService   : Starting service [Tomcat]
2024-11-08T10:29:36.933+07:00  INFO 79764 --- [PhoneGO] [restartedMain] o.apache.catalina.core.StandardEngine    : Starting Servlet engine: [Apache Tomcat/10.1.30]
2024-11-08T10:29:36.964+07:00  INFO 79764 --- [PhoneGO] [restartedMain] o.a.c.c.C.[Tomcat-3].[localhost].[/]     : Initializing Spring embedded WebApplicationContext
2024-11-08T10:29:36.964+07:00  INFO 79764 --- [PhoneGO] [restartedMain] w.s.c.ServletWebServerApplicationContext : Root WebApplicationContext: initialization completed in 686 ms
2024-11-08T10:29:37.052+07:00 DEBUG 79764 --- [PhoneGO] [restartedMain] o.s.w.f.ServerHttpObservationFilter      : Filter 'webMvcObservationFilter' configured for use
2024-11-08T10:29:37.118+07:00  INFO 79764 --- [PhoneGO] [restartedMain] o.s.o.j.p.SpringPersistenceUnitInfo      : No LoadTimeWeaver setup: ignoring JPA class transformer
2024-11-08T10:29:37.119+07:00  INFO 79764 --- [PhoneGO] [restartedMain] com.zaxxer.hikari.HikariDataSource       : HikariPool-7 - Starting...
2024-11-08T10:29:37.122+07:00  INFO 79764 --- [PhoneGO] [restartedMain] com.zaxxer.hikari.pool.HikariPool        : HikariPool-7 - Added connection org.mariadb.jdbc.Connection@137f3e6f
2024-11-08T10:29:37.122+07:00  INFO 79764 --- [PhoneGO] [restartedMain] com.zaxxer.hikari.HikariDataSource       : HikariPool-7 - Start completed.
2024-11-08T10:29:37.653+07:00  WARN 79764 --- [PhoneGO] [restartedMain] o.m.jdbc.message.server.ErrorPacket      : Error: 1050-42S01: Table 'brand_discount' already exists
2024-11-08T10:29:37.654+07:00  WARN 79764 --- [PhoneGO] [restartedMain] o.m.jdbc.message.server.ErrorPacket      : Error: 1050-42S01: Table 'cart' already exists
2024-11-08T10:29:37.654+07:00  WARN 79764 --- [PhoneGO] [restartedMain] o.m.jdbc.message.server.ErrorPacket      : Error: 1050-42S01: Table 'cart_detail' already exists
2024-11-08T10:29:37.654+07:00  WARN 79764 --- [PhoneGO] [restartedMain] o.m.jdbc.message.server.ErrorPacket      : Error: 1050-42S01: Table 'category_discount' already exists
2024-11-08T10:29:37.686+07:00  WARN 79764 --- [PhoneGO] [restartedMain] o.m.jdbc.message.server.ErrorPacket      : Error: 1050-42S01: Table 'charging_cable' already exists
2024-11-08T10:29:37.750+07:00  WARN 79764 --- [PhoneGO] [restartedMain] o.m.jdbc.message.server.ErrorPacket      : Error: 1050-42S01: Table 'comment' already exists
2024-11-08T10:29:37.821+07:00  WARN 79764 --- [PhoneGO] [restartedMain] o.m.jdbc.message.server.ErrorPacket      : Error: 1050-42S01: Table 'discount' already exists
2024-11-08T10:29:37.908+07:00  WARN 79764 --- [PhoneGO] [restartedMain] o.m.jdbc.message.server.ErrorPacket      : Error: 1050-42S01: Table 'earphone' already exists
2024-11-08T10:29:37.970+07:00  WARN 79764 --- [PhoneGO] [restartedMain] o.m.jdbc.message.server.ErrorPacket      : Error: 1050-42S01: Table 'phone' already exists
2024-11-08T10:29:38.024+07:00  WARN 79764 --- [PhoneGO] [restartedMain] o.m.jdbc.message.server.ErrorPacket      : Error: 1050-42S01: Table 'power_bank' already exists
2024-11-08T10:29:38.091+07:00  WARN 79764 --- [PhoneGO] [restartedMain] o.m.jdbc.message.server.ErrorPacket      : Error: 1050-42S01: Table 'product' already exists
2024-11-08T10:29:38.171+07:00  WARN 79764 --- [PhoneGO] [restartedMain] o.m.jdbc.message.server.ErrorPacket      : Error: 1050-42S01: Table 'product_discount' already exists
2024-11-08T10:29:38.254+07:00  WARN 79764 --- [PhoneGO] [restartedMain] o.m.jdbc.message.server.ErrorPacket      : Error: 1050-42S01: Table 'provider' already exists
2024-11-08T10:29:38.347+07:00  WARN 79764 --- [PhoneGO] [restartedMain] o.m.jdbc.message.server.ErrorPacket      : Error: 1050-42S01: Table 'purchase_detail' already exists
2024-11-08T10:29:38.473+07:00  WARN 79764 --- [PhoneGO] [restartedMain] o.m.jdbc.message.server.ErrorPacket      : Error: 1050-42S01: Table 'users' already exists
2024-11-08T10:29:38.709+07:00  WARN 79764 --- [PhoneGO] [restartedMain] o.m.jdbc.message.server.ErrorPacket      : Error: 1005-HY000: Can't create table `phonego`.`product_discount` (errno: 150 "Foreign key constraint is incorrectly formed")
2024-11-08T10:29:38.913+07:00  WARN 79764 --- [PhoneGO] [restartedMain] o.m.jdbc.message.server.ErrorPacket      : Error: 1005-HY000: Can't create table `phonego`.`purchase_detail` (errno: 150 "Foreign key constraint is incorrectly formed")
2024-11-08T10:29:38.974+07:00  INFO 79764 --- [PhoneGO] [restartedMain] j.LocalContainerEntityManagerFactoryBean : Initialized JPA EntityManagerFactory for persistence unit 'default'
2024-11-08T10:29:38.974+07:00  INFO 79764 --- [PhoneGO] [restartedMain] j.LocalContainerEntityManagerFactoryBean : Initialized JPA EntityManagerFactory for persistence unit 'default'
2024-11-08T10:29:39.169+07:00  WARN 79764 --- [PhoneGO] [restartedMain] JpaBaseConfiguration$JpaWebConfiguration : spring.jpa.open-in-view is enabled by default. Therefore, database queries may be performed during view rendering. Explicitly configure spring.jpa.open-in-view to disable this warning
2024-11-08T10:29:39.174+07:00  WARN 79764 --- [PhoneGO] [restartedMain] JpaBaseConfiguration$JpaWebConfiguration : spring.jpa.open-in-view is enabled by default. Therefore, database queries may be performed during view rendering. Explicitly configure spring.jpa.open-in-view to disable this warning
2024-11-08T10:29:39.275+07:00  WARN 79764 --- [PhoneGO] [restartedMain] .s.s.UserDetailsServiceAutoConfiguration : 

Using generated security password: fc599e36-81b1-42b0-8adc-6af7d358749d

This generated password is for development use only. Your security configuration must be updated before running your application in production.

2024-11-08T10:29:39.275+07:00  WARN 79764 --- [PhoneGO] [restartedMain] .s.s.UserDetailsServiceAutoConfiguration : 

Using generated security password: 8d3f52d6-0e27-4871-a55c-c5c5597f6ef8

This generated password is for development use only. Your security configuration must be updated before running your application in production.

2024-11-08T10:29:39.278+07:00  INFO 79764 --- [PhoneGO] [restartedMain] r$InitializeUserDetailsManagerConfigurer : Global AuthenticationManager configured with UserDetailsService bean with name inMemoryUserDetailsManager
2024-11-08T10:29:39.278+07:00  INFO 79764 --- [PhoneGO] [restartedMain] r$InitializeUserDetailsManagerConfigurer : Global AuthenticationManager configured with UserDetailsService bean with name inMemoryUserDetailsManager
2024-11-08T10:29:39.352+07:00 DEBUG 79764 --- [PhoneGO] [restartedMain] s.w.s.m.m.a.RequestMappingHandlerMapping : 6 mappings in 'requestMappingHandlerMapping'
2024-11-08T10:29:39.352+07:00 DEBUG 79764 --- [PhoneGO] [restartedMain] s.w.s.m.m.a.RequestMappingHandlerMapping : 6 mappings in 'requestMappingHandlerMapping'
2024-11-08T10:29:39.406+07:00 DEBUG 79764 --- [PhoneGO] [restartedMain] o.s.w.s.handler.SimpleUrlHandlerMapping  : Patterns [/webjars/**, /**, /swagger-ui*/*swagger-initializer.js, /swagger-ui*/**, /api/explorer/**] in 'resourceHandlerMapping'
2024-11-08T10:29:39.406+07:00 DEBUG 79764 --- [PhoneGO] [restartedMain] o.s.w.s.handler.SimpleUrlHandlerMapping  : Patterns [/webjars/**, /**, /swagger-ui*/*swagger-initializer.js, /swagger-ui*/**, /api/explorer/**] in 'resourceHandlerMapping'
2024-11-08T10:29:39.570+07:00  INFO 79764 --- [PhoneGO] [restartedMain] o.s.b.a.e.web.EndpointLinksResolver      : Exposing 1 endpoint beneath base path '/actuator'
2024-11-08T10:29:39.572+07:00  INFO 79764 --- [PhoneGO] [restartedMain] o.s.b.a.e.web.EndpointLinksResolver      : Exposing 1 endpoint beneath base path '/actuator'
2024-11-08T10:29:39.675+07:00 DEBUG 79764 --- [PhoneGO] [restartedMain] s.w.s.m.m.a.RequestMappingHandlerAdapter : ControllerAdvice beans: 0 @ModelAttribute, 0 @InitBinder, 1 RequestBodyAdvice, 1 ResponseBodyAdvice
2024-11-08T10:29:39.675+07:00 DEBUG 79764 --- [PhoneGO] [restartedMain] s.w.s.m.m.a.RequestMappingHandlerAdapter : ControllerAdvice beans: 0 @ModelAttribute, 0 @InitBinder, 1 RequestBodyAdvice, 1 ResponseBodyAdvice
2024-11-08T10:29:39.688+07:00 DEBUG 79764 --- [PhoneGO] [restartedMain] .m.m.a.ExceptionHandlerExceptionResolver : ControllerAdvice beans: 3 @ExceptionHandler, 1 ResponseBodyAdvice
2024-11-08T10:29:39.688+07:00 DEBUG 79764 --- [PhoneGO] [restartedMain] .m.m.a.ExceptionHandlerExceptionResolver : ControllerAdvice beans: 3 @ExceptionHandler, 1 ResponseBodyAdvice
2024-11-08T10:29:39.716+07:00 DEBUG 79764 --- [PhoneGO] [restartedMain] .m.m.a.ExceptionHandlerExceptionResolver : ControllerAdvice beans: 3 @ExceptionHandler, 0 ResponseBodyAdvice
2024-11-08T10:29:39.716+07:00 DEBUG 79764 --- [PhoneGO] [restartedMain] .m.m.a.ExceptionHandlerExceptionResolver : ControllerAdvice beans: 3 @ExceptionHandler, 0 ResponseBodyAdvice
2024-11-08T10:29:39.878+07:00  WARN 79764 --- [PhoneGO] [restartedMain] ConfigServletWebServerApplicationContext : Exception encountered during context initialization - cancelling refresh attempt: org.springframework.beans.factory.BeanCreationException: Error creating bean with name 'jmxMBeanExporter' defined in class path resource [org/springframework/boot/actuate/autoconfigure/endpoint/jmx/JmxEndpointAutoConfiguration.class]: Failed to register MBean for endpoint 'beans'
2024-11-08T10:29:39.879+07:00  INFO 79764 --- [PhoneGO] [restartedMain] j.LocalContainerEntityManagerFactoryBean : Closing JPA EntityManagerFactory for persistence unit 'default'
2024-11-08T10:29:40.072+07:00  INFO 79764 --- [PhoneGO] [restartedMain] o.s.b.d.a.OptionalLiveReloadServer       : LiveReload server is running on port 35729
2024-11-08T10:29:40.108+07:00  INFO 79764 --- [PhoneGO] [restartedMain] o.s.b.w.embedded.tomcat.TomcatWebServer  : Tomcat started on port 5000 (http) with context path '/'
2024-11-08T10:29:40.118+07:00  INFO 79764 --- [PhoneGO] [restartedMain] iuh.fit.se.PhoneGoApplication            : Started PhoneGoApplication in 4.735 seconds (process running for 154.18)
2024-11-08T10:29:40.120+07:00  INFO 79764 --- [PhoneGO] [restartedMain] .ConditionEvaluationDeltaLoggingListener : Condition evaluation unchanged
2024-11-08T10:29:43.421+07:00  WARN 79764 --- [PhoneGO] [restartedMain] o.m.jdbc.message.server.ErrorPacket      : Error: 1451-23000: Cannot delete or update a parent row: a foreign key constraint fails
2024-11-08T10:29:43.423+07:00 ERROR 79764 --- [PhoneGO] [restartedMain] .SchemaDropperImpl$DelayedDropActionImpl : HHH000478: Unsuccessful: drop table if exists product
2024-11-08T10:29:43.471+07:00  WARN 79764 --- [PhoneGO] [restartedMain] o.m.jdbc.message.server.ErrorPacket      : Error: 1005-HY000: Can't create table `phonego`.`product_discount` (errno: 150 "Foreign key constraint is incorrectly formed")
2024-11-08T10:29:43.874+07:00  INFO 79764 --- [PhoneGO] [restartedMain] j.LocalContainerEntityManagerFactoryBean : Initialized JPA EntityManagerFactory for persistence unit 'default'
2024-11-08T10:29:43.930+07:00  INFO 79764 --- [PhoneGO] [restartedMain] com.zaxxer.hikari.HikariDataSource       : HikariPool-6 - Shutdown initiated...
2024-11-08T10:29:43.931+07:00  INFO 79764 --- [PhoneGO] [restartedMain] com.zaxxer.hikari.HikariDataSource       : HikariPool-6 - Shutdown completed.
2024-11-08T10:29:43.932+07:00  INFO 79764 --- [PhoneGO] [restartedMain] o.apache.catalina.core.StandardService   : Stopping service [Tomcat]
2024-11-08T10:29:43.941+07:00  INFO 79764 --- [PhoneGO] [restartedMain] .s.b.a.l.ConditionEvaluationReportLogger : 

Error starting ApplicationContext. To display the condition evaluation report re-run your application with 'debug' enabled.
2024-11-08T10:29:43.943+07:00 ERROR 79764 --- [PhoneGO] [restartedMain] o.s.boot.SpringApplication               : Application run failed

org.springframework.beans.factory.BeanCreationException: Error creating bean with name 'jmxMBeanExporter' defined in class path resource [org/springframework/boot/actuate/autoconfigure/endpoint/jmx/JmxEndpointAutoConfiguration.class]: Failed to register MBean for endpoint 'beans'
	at org.springframework.beans.factory.support.AbstractAutowireCapableBeanFactory.initializeBean(AbstractAutowireCapableBeanFactory.java:1806)
	at org.springframework.beans.factory.support.AbstractAutowireCapableBeanFactory.doCreateBean(AbstractAutowireCapableBeanFactory.java:600)
	at org.springframework.beans.factory.support.AbstractAutowireCapableBeanFactory.createBean(AbstractAutowireCapableBeanFactory.java:522)
	at org.springframework.beans.factory.support.AbstractBeanFactory.lambda$doGetBean$0(AbstractBeanFactory.java:337)
	at org.springframework.beans.factory.support.DefaultSingletonBeanRegistry.getSingleton(DefaultSingletonBeanRegistry.java:234)
	at org.springframework.beans.factory.support.AbstractBeanFactory.doGetBean(AbstractBeanFactory.java:335)
	at org.springframework.beans.factory.support.AbstractBeanFactory.getBean(AbstractBeanFactory.java:200)
	at org.springframework.beans.factory.support.DefaultListableBeanFactory.preInstantiateSingletons(DefaultListableBeanFactory.java:975)
	at org.springframework.context.support.AbstractApplicationContext.finishBeanFactoryInitialization(AbstractApplicationContext.java:971)
	at org.springframework.context.support.AbstractApplicationContext.refresh(AbstractApplicationContext.java:625)
	at org.springframework.boot.web.servlet.context.ServletWebServerApplicationContext.refresh(ServletWebServerApplicationContext.java:146)
	at org.springframework.boot.SpringApplication.refresh(SpringApplication.java:754)
	at org.springframework.boot.SpringApplication.refreshContext(SpringApplication.java:456)
	at org.springframework.boot.SpringApplication.run(SpringApplication.java:335)
	at org.springframework.boot.SpringApplication.run(SpringApplication.java:1363)
	at org.springframework.boot.SpringApplication.run(SpringApplication.java:1352)
	at iuh.fit.se.PhoneGoApplication.main(PhoneGoApplication.java:14)
	at java.base/jdk.internal.reflect.DirectMethodHandleAccessor.invoke(DirectMethodHandleAccessor.java:103)
	at java.base/java.lang.reflect.Method.invoke(Method.java:580)
	at org.springframework.boot.devtools.restart.RestartLauncher.run(RestartLauncher.java:50)
Caused by: org.springframework.jmx.export.MBeanExportException: Failed to register MBean for endpoint 'beans'
	at org.springframework.boot.actuate.endpoint.jmx.JmxEndpointExporter.register(JmxEndpointExporter.java:104)
	at java.base/java.util.stream.ReferencePipeline$3$1.accept(ReferencePipeline.java:212)
	at java.base/java.util.Iterator.forEachRemaining(Iterator.java:133)
	at java.base/java.util.Spliterators$IteratorSpliterator.forEachRemaining(Spliterators.java:1939)
	at java.base/java.util.stream.AbstractPipeline.copyInto(AbstractPipeline.java:556)
	at java.base/java.util.stream.AbstractPipeline.wrapAndCopyInto(AbstractPipeline.java:546)
	at java.base/java.util.stream.AbstractPipeline.evaluate(AbstractPipeline.java:622)
	at java.base/java.util.stream.AbstractPipeline.evaluateToArrayNode(AbstractPipeline.java:291)
	at java.base/java.util.stream.ReferencePipeline.toArray(ReferencePipeline.java:631)
	at java.base/java.util.stream.ReferencePipeline.toArray(ReferencePipeline.java:637)
	at java.base/java.util.stream.ReferencePipeline.toList(ReferencePipeline.java:642)
	at org.springframework.boot.actuate.endpoint.jmx.JmxEndpointExporter.register(JmxEndpointExporter.java:89)
	at org.springframework.boot.actuate.endpoint.jmx.JmxEndpointExporter.afterPropertiesSet(JmxEndpointExporter.java:80)
	at org.springframework.beans.factory.support.AbstractAutowireCapableBeanFactory.invokeInitMethods(AbstractAutowireCapableBeanFactory.java:1853)
	at org.springframework.beans.factory.support.AbstractAutowireCapableBeanFactory.initializeBean(AbstractAutowireCapableBeanFactory.java:1802)
	... 19 common frames omitted
Caused by: javax.management.InstanceAlreadyExistsException: org.springframework.boot:type=Endpoint,name=Beans
	at java.management/com.sun.jmx.mbeanserver.Repository.addMBean(Repository.java:322)
	at java.management/com.sun.jmx.interceptor.DefaultMBeanServerInterceptor.registerWithRepository(DefaultMBeanServerInterceptor.java:1848)
	at java.management/com.sun.jmx.interceptor.DefaultMBeanServerInterceptor.registerDynamicMBean(DefaultMBeanServerInterceptor.java:945)
	at java.management/com.sun.jmx.interceptor.DefaultMBeanServerInterceptor.registerObject(DefaultMBeanServerInterceptor.java:880)
	at java.management/com.sun.jmx.interceptor.DefaultMBeanServerInterceptor.registerMBean(DefaultMBeanServerInterceptor.java:315)
	at java.management/com.sun.jmx.mbeanserver.JmxMBeanServer.registerMBean(JmxMBeanServer.java:523)
	at org.springframework.boot.actuate.endpoint.jmx.JmxEndpointExporter.register(JmxEndpointExporter.java:97)
	... 33 common frames omitted

2024-11-08T10:29:44.081+07:00  WARN 79764 --- [PhoneGO] [restartedMain] JpaBaseConfiguration$JpaWebConfiguration : spring.jpa.open-in-view is enabled by default. Therefore, database queries may be performed during view rendering. Explicitly configure spring.jpa.open-in-view to disable this warning
2024-11-08T10:29:44.180+07:00  WARN 79764 --- [PhoneGO] [restartedMain] .s.s.UserDetailsServiceAutoConfiguration : 

Using generated security password: d03875b4-9f6f-4aaa-8585-c987011f6d34

This generated password is for development use only. Your security configuration must be updated before running your application in production.

2024-11-08T10:29:44.182+07:00  INFO 79764 --- [PhoneGO] [restartedMain] r$InitializeUserDetailsManagerConfigurer : Global AuthenticationManager configured with UserDetailsService bean with name inMemoryUserDetailsManager
2024-11-08T10:29:44.250+07:00 DEBUG 79764 --- [PhoneGO] [restartedMain] s.w.s.m.m.a.RequestMappingHandlerMapping : 6 mappings in 'requestMappingHandlerMapping'
2024-11-08T10:29:44.300+07:00 DEBUG 79764 --- [PhoneGO] [restartedMain] o.s.w.s.handler.SimpleUrlHandlerMapping  : Patterns [/webjars/**, /**, /swagger-ui*/*swagger-initializer.js, /swagger-ui*/**, /api/explorer/**] in 'resourceHandlerMapping'
2024-11-08T10:29:44.418+07:00  INFO 79764 --- [PhoneGO] [restartedMain] o.s.b.a.e.web.EndpointLinksResolver      : Exposing 1 endpoint beneath base path '/actuator'
2024-11-08T10:29:44.533+07:00 DEBUG 79764 --- [PhoneGO] [restartedMain] s.w.s.m.m.a.RequestMappingHandlerAdapter : ControllerAdvice beans: 0 @ModelAttribute, 0 @InitBinder, 1 RequestBodyAdvice, 1 ResponseBodyAdvice
2024-11-08T10:29:44.549+07:00 DEBUG 79764 --- [PhoneGO] [restartedMain] .m.m.a.ExceptionHandlerExceptionResolver : ControllerAdvice beans: 3 @ExceptionHandler, 1 ResponseBodyAdvice
2024-11-08T10:29:44.598+07:00 DEBUG 79764 --- [PhoneGO] [restartedMain] .m.m.a.ExceptionHandlerExceptionResolver : ControllerAdvice beans: 3 @ExceptionHandler, 0 ResponseBodyAdvice
2024-11-08T10:29:44.799+07:00  WARN 79764 --- [PhoneGO] [restartedMain] ConfigServletWebServerApplicationContext : Exception encountered during context initialization - cancelling refresh attempt: org.springframework.beans.factory.BeanCreationException: Error creating bean with name 'springApplicationAdminRegistrar' defined in class path resource [org/springframework/boot/autoconfigure/admin/SpringApplicationAdminJmxAutoConfiguration.class]: org.springframework.boot:type=Admin,name=SpringApplication
2024-11-08T10:29:44.801+07:00  INFO 79764 --- [PhoneGO] [restartedMain] j.LocalContainerEntityManagerFactoryBean : Closing JPA EntityManagerFactory for persistence unit 'default'
2024-11-08T10:29:45.739+07:00  INFO 79764 --- [PhoneGO] [restartedMain] com.zaxxer.hikari.HikariDataSource       : HikariPool-7 - Shutdown initiated...
2024-11-08T10:29:45.740+07:00  INFO 79764 --- [PhoneGO] [restartedMain] com.zaxxer.hikari.HikariDataSource       : HikariPool-7 - Shutdown completed.
2024-11-08T10:29:45.751+07:00  INFO 79764 --- [PhoneGO] [restartedMain] .s.b.a.l.ConditionEvaluationReportLogger : 

Error starting ApplicationContext. To display the condition evaluation report re-run your application with 'debug' enabled.
2024-11-08T10:29:45.753+07:00 ERROR 79764 --- [PhoneGO] [restartedMain] o.s.boot.SpringApplication               : Application run failed

org.springframework.beans.factory.BeanCreationException: Error creating bean with name 'springApplicationAdminRegistrar' defined in class path resource [org/springframework/boot/autoconfigure/admin/SpringApplicationAdminJmxAutoConfiguration.class]: org.springframework.boot:type=Admin,name=SpringApplication
	at org.springframework.beans.factory.support.AbstractAutowireCapableBeanFactory.initializeBean(AbstractAutowireCapableBeanFactory.java:1806)
	at org.springframework.beans.factory.support.AbstractAutowireCapableBeanFactory.doCreateBean(AbstractAutowireCapableBeanFactory.java:600)
	at org.springframework.beans.factory.support.AbstractAutowireCapableBeanFactory.createBean(AbstractAutowireCapableBeanFactory.java:522)
	at org.springframework.beans.factory.support.AbstractBeanFactory.lambda$doGetBean$0(AbstractBeanFactory.java:337)
	at org.springframework.beans.factory.support.DefaultSingletonBeanRegistry.getSingleton(DefaultSingletonBeanRegistry.java:234)
	at org.springframework.beans.factory.support.AbstractBeanFactory.doGetBean(AbstractBeanFactory.java:335)
	at org.springframework.beans.factory.support.AbstractBeanFactory.getBean(AbstractBeanFactory.java:200)
	at org.springframework.beans.factory.support.DefaultListableBeanFactory.preInstantiateSingletons(DefaultListableBeanFactory.java:975)
	at org.springframework.context.support.AbstractApplicationContext.finishBeanFactoryInitialization(AbstractApplicationContext.java:971)
	at org.springframework.context.support.AbstractApplicationContext.refresh(AbstractApplicationContext.java:625)
	at org.springframework.boot.web.servlet.context.ServletWebServerApplicationContext.refresh(ServletWebServerApplicationContext.java:146)
	at org.springframework.boot.SpringApplication.refresh(SpringApplication.java:754)
	at org.springframework.boot.SpringApplication.refreshContext(SpringApplication.java:456)
	at org.springframework.boot.SpringApplication.run(SpringApplication.java:335)
	at org.springframework.boot.SpringApplication.run(SpringApplication.java:1363)
	at org.springframework.boot.SpringApplication.run(SpringApplication.java:1352)
	at iuh.fit.se.PhoneGoApplication.main(PhoneGoApplication.java:14)
	at java.base/jdk.internal.reflect.DirectMethodHandleAccessor.invoke(DirectMethodHandleAccessor.java:103)
	at java.base/java.lang.reflect.Method.invoke(Method.java:580)
	at org.springframework.boot.devtools.restart.RestartLauncher.run(RestartLauncher.java:50)
Caused by: javax.management.InstanceAlreadyExistsException: org.springframework.boot:type=Admin,name=SpringApplication
	at java.management/com.sun.jmx.mbeanserver.Repository.addMBean(Repository.java:322)
	at java.management/com.sun.jmx.interceptor.DefaultMBeanServerInterceptor.registerWithRepository(DefaultMBeanServerInterceptor.java:1848)
	at java.management/com.sun.jmx.interceptor.DefaultMBeanServerInterceptor.registerDynamicMBean(DefaultMBeanServerInterceptor.java:945)
	at java.management/com.sun.jmx.interceptor.DefaultMBeanServerInterceptor.registerObject(DefaultMBeanServerInterceptor.java:880)
	at java.management/com.sun.jmx.interceptor.DefaultMBeanServerInterceptor.registerMBean(DefaultMBeanServerInterceptor.java:315)
	at java.management/com.sun.jmx.mbeanserver.JmxMBeanServer.registerMBean(JmxMBeanServer.java:523)
	at org.springframework.boot.admin.SpringApplicationAdminMXBeanRegistrar.afterPropertiesSet(SpringApplicationAdminMXBeanRegistrar.java:129)
	at org.springframework.beans.factory.support.AbstractAutowireCapableBeanFactory.invokeInitMethods(AbstractAutowireCapableBeanFactory.java:1853)
	at org.springframework.beans.factory.support.AbstractAutowireCapableBeanFactory.initializeBean(AbstractAutowireCapableBeanFactory.java:1802)
	... 19 common frames omitted

